app/build/outputs/logs/manifest-merger-debug-report.txt
-- Merging decision tree log ---
manifest
ADDED from src\main\AndroidManifest.xml:2:1-128:12
	package
		ADDED from src\main\AndroidManifest.xml:3:5-37
		INJECTED from src\main\AndroidManifest.xml
		INJECTED from src\main\AndroidManifest.xml
	android:versionName
		INJECTED from src\main\AndroidManifest.xml
		INJECTED from src\main\AndroidManifest.xml
	xmlns:android
		ADDED from src\main\AndroidManifest.xml:2:11-69
	android:versionCode
		INJECTED from src\main\AndroidManifest.xml
		INJECTED from src\main\AndroidManifest.xml
uses-permission#android.permission.WRITE_EXTERNAL_STORAGE
ADDED from src\main\AndroidManifest.xml:4:5-81
	android:name
		ADDED from src\main\AndroidManifest.xml:4:22-78
uses-permission#android.permission.INTERNET
ADDED from src\main\AndroidManifest.xml:5:5-67
	android:name
		ADDED from src\main\AndroidManifest.xml:5:22-64
uses-permission#android.permission.READ_EXTERNAL_STORAGE
ADDED from src\main\AndroidManifest.xml:6:5-80
	android:name
		ADDED from src\main\AndroidManifest.xml:6:22-77
application
ADDED from src\main\AndroidManifest.xml:8:5-126:19
MERGED from [com.mikhaellopez:circularimageview:3.0.2] AndroidManifest.xml:11:5-13:38
MERGED from [com.android.support:cardview-v7:25.3.1] AndroidManifest.xml:26:5-20
MERGED from [com.google.android.gms:play-services-appindexing:9.8.0] AndroidManifest.xml:18:5-19
MERGED from [com.google.android.gms:play-services-base:9.8.0] AndroidManifest.xml:18:5-20:19
MERGED from [com.google.firebase:firebase-common:9.8.0] AndroidManifest.xml:4:5-7:19
MERGED from [com.google.android.gms:play-services-tasks:9.8.0] AndroidManifest.xml:4:5-19
MERGED from [com.google.android.gms:play-services-basement:9.8.0] AndroidManifest.xml:19:5-21:19
MERGED from [com.android.support:appcompat-v7:25.3.1] AndroidManifest.xml:29:5-20
MERGED from [com.android.support:support-v4:25.3.1] AndroidManifest.xml:29:5-20
MERGED from [com.android.support:support-fragment:25.3.1] AndroidManifest.xml:29:5-20
MERGED from [com.android.support:support-media-compat:25.3.1] AndroidManifest.xml:29:5-20
MERGED from [com.android.support:support-core-utils:25.3.1] AndroidManifest.xml:29:5-20
MERGED from [com.android.support:animated-vector-drawable:25.3.1] AndroidManifest.xml:26:5-20
MERGED from [com.android.support:support-vector-drawable:25.3.1] AndroidManifest.xml:26:5-20
MERGED from [com.android.support:support-core-ui:25.3.1] AndroidManifest.xml:29:5-20
MERGED from [com.android.support:support-compat:25.3.1] AndroidManifest.xml:29:5-20
MERGED from [com.mcxiaoke.volley:library-aar:1.0.0] AndroidManifest.xml:5:5-19
	android:label
		ADDED from src\main\AndroidManifest.xml:12:9-41
	android:supportsRtl
		ADDED from [com.mikhaellopez:circularimageview:3.0.2] AndroidManifest.xml:13:9-35
	android:fullBackupContent
		ADDED from src\main\AndroidManifest.xml:15:9-42
	android:allowBackup
		ADDED from src\main\AndroidManifest.xml:10:9-35
	android:icon
		ADDED from src\main\AndroidManifest.xml:11:9-45
	android:largeHeap
		ADDED from src\main\AndroidManifest.xml:13:9-33
	android:theme
		ADDED from src\main\AndroidManifest.xml:14:9-40
	android:name
		ADDED from src\main\AndroidManifest.xml:9:9-42
service#com.dsource.idc.jellow.SimpleIME
ADDED from src\main\AndroidManifest.xml:16:9-26:19
	android:label
		ADDED from src\main\AndroidManifest.xml:18:13-47
	android:permission
		ADDED from src\main\AndroidManifest.xml:19:13-70
	android:name
		ADDED from src\main\AndroidManifest.xml:17:13-38
meta-data#android.view.im
ADDED from src\main\AndroidManifest.xml:20:13-22:50
	android:resource
		ADDED from src\main\AndroidManifest.xml:22:17-47
	android:name
		ADDED from src\main\AndroidManifest.xml:21:17-47
intent-filter#android.view.InputMethod
ADDED from src\main\AndroidManifest.xml:23:13-25:29
action#android.view.InputMethod
ADDED from src\main\AndroidManifest.xml:24:17-67
	android:name
		ADDED from src\main\AndroidManifest.xml:24:25-64
activity#com.dsource.idc.jellow.MainActivity
ADDED from src\main\AndroidManifest.xml:27:9-35:20
	android:screenOrientation
		ADDED from src\main\AndroidManifest.xml:31:13-50
	android:label
		ADDED from src\main\AndroidManifest.xml:30:13-45
	android:configChanges
		ADDED from src\main\AndroidManifest.xml:29:13-76
	android:name
		ADDED from src\main\AndroidManifest.xml:28:13-41
meta-data#android.app.searchable
ADDED from src\main\AndroidManifest.xml:32:13-34:54
	android:resource
		ADDED from src\main\AndroidManifest.xml:34:17-51
	android:name
		ADDED from src\main\AndroidManifest.xml:33:17-54
activity#com.dsource.idc.jellow.Intro
ADDED from src\main\AndroidManifest.xml:36:9-40:53
	android:screenOrientation
		ADDED from src\main\AndroidManifest.xml:40:13-50
	android:label
		ADDED from src\main\AndroidManifest.xml:39:13-51
	android:configChanges
		ADDED from src\main\AndroidManifest.xml:38:13-76
	android:name
		ADDED from src\main\AndroidManifest.xml:37:13-34
activity#com.dsource.idc.jellow.SearchResultsActivity
ADDED from src\main\AndroidManifest.xml:46:9-56:20
	android:screenOrientation
		ADDED from src\main\AndroidManifest.xml:49:13-50
	android:label
		ADDED from src\main\AndroidManifest.xml:48:13-45
	android:name
		ADDED from src\main\AndroidManifest.xml:47:13-50
intent-filter#android.intent.action.SEARCH
ADDED from src\main\AndroidManifest.xml:50:13-52:29
action#android.intent.action.SEARCH
ADDED from src\main\AndroidManifest.xml:51:17-71
	android:name
		ADDED from src\main\AndroidManifest.xml:51:25-68
activity#com.dsource.idc.jellow.Sequence_Activity
ADDED from src\main\AndroidManifest.xml:57:9-61:53
	android:screenOrientation
		ADDED from src\main\AndroidManifest.xml:61:13-50
	android:label
		ADDED from src\main\AndroidManifest.xml:60:13-45
	android:configChanges
		ADDED from src\main\AndroidManifest.xml:59:13-76
	android:name
		ADDED from src\main\AndroidManifest.xml:58:13-46
activity#com.dsource.idc.jellow.SharedPreferences
ADDED from src\main\AndroidManifest.xml:62:9-64:53
	android:screenOrientation
		ADDED from src\main\AndroidManifest.xml:64:13-50
	android:name
		ADDED from src\main\AndroidManifest.xml:63:13-46
activity#com.dsource.idc.jellow.Setting
ADDED from src\main\AndroidManifest.xml:65:9-69:53
	android:screenOrientation
		ADDED from src\main\AndroidManifest.xml:69:13-50
	android:label
		ADDED from src\main\AndroidManifest.xml:68:13-37
	android:configChanges
		ADDED from src\main\AndroidManifest.xml:67:13-74
	android:name
		ADDED from src\main\AndroidManifest.xml:66:13-36
activity#com.dsource.idc.jellow.Keyboard_Input
ADDED from src\main\AndroidManifest.xml:70:9-74:53
	android:screenOrientation
		ADDED from src\main\AndroidManifest.xml:74:13-50
	android:label
		ADDED from src\main\AndroidManifest.xml:73:13-43
	android:configChanges
		ADDED from src\main\AndroidManifest.xml:72:13-74
	android:name
		ADDED from src\main\AndroidManifest.xml:71:13-43
activity#com.dsource.idc.jellow.About_Jellow
ADDED from src\main\AndroidManifest.xml:75:9-79:53
	android:screenOrientation
		ADDED from src\main\AndroidManifest.xml:79:13-50
	android:label
		ADDED from src\main\AndroidManifest.xml:78:13-41
	android:configChanges
		ADDED from src\main\AndroidManifest.xml:77:13-74
	android:name
		ADDED from src\main\AndroidManifest.xml:76:13-41
activity#com.dsource.idc.jellow.Profile_form
ADDED from src\main\AndroidManifest.xml:80:9-85:55
	android:screenOrientation
		ADDED from src\main\AndroidManifest.xml:84:13-50
	android:label
		ADDED from src\main\AndroidManifest.xml:83:13-36
	android:windowSoftInputMode
		ADDED from src\main\AndroidManifest.xml:85:13-52
	android:configChanges
		ADDED from src\main\AndroidManifest.xml:82:13-74
	android:name
		ADDED from src\main\AndroidManifest.xml:81:13-41
activity#com.dsource.idc.jellow.Feedback
ADDED from src\main\AndroidManifest.xml:86:9-91:55
	android:screenOrientation
		ADDED from src\main\AndroidManifest.xml:90:13-50
	android:label
		ADDED from src\main\AndroidManifest.xml:89:13-37
	android:windowSoftInputMode
		ADDED from src\main\AndroidManifest.xml:91:13-52
	android:configChanges
		ADDED from src\main\AndroidManifest.xml:88:13-74
	android:name
		ADDED from src\main\AndroidManifest.xml:87:13-37
activity#com.dsource.idc.jellow.Tutorial
ADDED from src\main\AndroidManifest.xml:92:9-96:53
	android:screenOrientation
		ADDED from src\main\AndroidManifest.xml:96:13-50
	android:label
		ADDED from src\main\AndroidManifest.xml:95:13-37
	android:configChanges
		ADDED from src\main\AndroidManifest.xml:94:13-74
	android:name
		ADDED from src\main\AndroidManifest.xml:93:13-37
activity#com.dsource.idc.jellow.Reset__preferences
ADDED from src\main\AndroidManifest.xml:97:9-101:53
	android:screenOrientation
		ADDED from src\main\AndroidManifest.xml:101:13-50
	android:label
		ADDED from src\main\AndroidManifest.xml:100:13-46
	android:configChanges
		ADDED from src\main\AndroidManifest.xml:99:13-74
	android:name
		ADDED from src\main\AndroidManifest.xml:98:13-47
activity#com.dsource.idc.jellow.Splash
ADDED from src\main\AndroidManifest.xml:102:9-109:20
	android:screenOrientation
		ADDED from src\main\AndroidManifest.xml:104:13-50
	android:name
		ADDED from src\main\AndroidManifest.xml:103:13-35
intent-filter#android.intent.action.MAIN+android.intent.category.LAUNCHER
ADDED from src\main\AndroidManifest.xml:105:13-108:29
action#android.intent.action.MAIN
ADDED from src\main\AndroidManifest.xml:106:17-69
	android:name
		ADDED from src\main\AndroidManifest.xml:106:25-66
category#android.intent.category.LAUNCHER
ADDED from src\main\AndroidManifest.xml:107:17-77
	android:name
		ADDED from src\main\AndroidManifest.xml:107:27-74
activity#com.dsource.idc.jellow.Layer_3_Hindi_Activity
ADDED from src\main\AndroidManifest.xml:110:9-113:53
	android:screenOrientation
		ADDED from src\main\AndroidManifest.xml:113:13-50
	android:configChanges
		ADDED from src\main\AndroidManifest.xml:112:13-74
	android:name
		ADDED from src\main\AndroidManifest.xml:111:13-51
meta-data#com.google.android.gms.version
ADDED from src\main\AndroidManifest.xml:118:9-120:69
MERGED from [com.google.android.gms:play-services-basement:9.8.0] AndroidManifest.xml:20:9-121
	android:value
		ADDED from src\main\AndroidManifest.xml:120:13-66
	android:name
		ADDED from src\main\AndroidManifest.xml:119:13-58
activity#com.dsource.idc.jellow.Main2LAyer
ADDED from src\main\AndroidManifest.xml:121:9-123:53
	android:screenOrientation
		ADDED from src\main\AndroidManifest.xml:123:13-50
	android:name
		ADDED from src\main\AndroidManifest.xml:122:13-39
activity#com.dsource.idc.jellow.Layer3Activity
ADDED from src\main\AndroidManifest.xml:124:9-125:52
	android:screenOrientation
		ADDED from src\main\AndroidManifest.xml:125:13-50
	android:name
		ADDED from src\main\AndroidManifest.xml:124:19-49
uses-sdk
INJECTED from src\main\AndroidManifest.xml reason: use-sdk injection requested
MERGED from [com.mikhaellopez:circularimageview:3.0.2] AndroidManifest.xml:7:5-9:41
MERGED from [com.larswerkman:lobsterpicker:1.0.0] AndroidManifest.xml:22:5-24:41
MERGED from [com.github.rey5137:material:1.2.4] AndroidManifest.xml:7:5-9:41
MERGED from [com.android.support:cardview-v7:25.3.1] AndroidManifest.xml:20:5-43
MERGED from [com.google.android.gms:play-services-appindexing:9.8.0] AndroidManifest.xml:17:5-42
MERGED from [com.google.android.gms:play-services-base:9.8.0] AndroidManifest.xml:17:5-42
MERGED from [com.google.firebase:firebase-common:9.8.0] AndroidManifest.xml:3:5-42
MERGED from [com.google.android.gms:play-services-tasks:9.8.0] AndroidManifest.xml:3:5-42
MERGED from [com.google.android.gms:play-services-basement:9.8.0] AndroidManifest.xml:17:5-42
MERGED from [com.github.paolorotolo:appintro:4.0.0] AndroidManifest.xml:7:5-9:41
MERGED from [com.android.support:appcompat-v7:25.3.1] AndroidManifest.xml:21:5-23:78
MERGED from [com.android.support:support-v4:25.3.1] AndroidManifest.xml:21:5-23:54
MERGED from [com.android.support:support-fragment:25.3.1] AndroidManifest.xml:21:5-23:60
MERGED from [com.android.support:support-media-compat:25.3.1] AndroidManifest.xml:21:5-23:63
MERGED from [com.android.support:support-core-utils:25.3.1] AndroidManifest.xml:21:5-23:61
MERGED from [com.android.support:animated-vector-drawable:25.3.1] AndroidManifest.xml:20:5-44
MERGED from [com.android.support:support-vector-drawable:25.3.1] AndroidManifest.xml:20:5-43
MERGED from [com.android.support:recyclerview-v7:25.3.1] AndroidManifest.xml:20:5-43
MERGED from [com.android.support:support-core-ui:25.3.1] AndroidManifest.xml:21:5-23:58
MERGED from [com.android.support:support-compat:25.3.1] AndroidManifest.xml:21:5-23:58
MERGED from [com.mcxiaoke.volley:library-aar:1.0.0] AndroidManifest.xml:3:5-72
	tools:overrideLibrary
		ADDED from [com.android.support:appcompat-v7:25.3.1] AndroidManifest.xml:23:9-75
	android:targetSdkVersion
		INJECTED from src\main\AndroidManifest.xml
		INJECTED from src\main\AndroidManifest.xml
	android:minSdkVersion
		INJECTED from src\main\AndroidManifest.xml
		INJECTED from src\main\AndroidManifest.xml
meta-data#android.support.VERSION
ADDED from [com.android.support:cardview-v7:25.3.1] AndroidManifest.xml:22:5-24:34
MERGED from [com.android.support:appcompat-v7:25.3.1] AndroidManifest.xml:25:5-27:34
MERGED from [com.android.support:support-v4:25.3.1] AndroidManifest.xml:25:5-27:34
MERGED from [com.android.support:support-fragment:25.3.1] AndroidManifest.xml:25:5-27:34
MERGED from [com.android.support:support-media-compat:25.3.1] AndroidManifest.xml:25:5-27:34
MERGED from [com.android.support:support-core-utils:25.3.1] AndroidManifest.xml:25:5-27:34
MERGED from [com.android.support:animated-vector-drawable:25.3.1] AndroidManifest.xml:22:5-24:34
MERGED from [com.android.support:support-vector-drawable:25.3.1] AndroidManifest.xml:22:5-24:34
MERGED from [com.android.support:recyclerview-v7:25.3.1] AndroidManifest.xml:22:5-24:34
MERGED from [com.android.support:support-core-ui:25.3.1] AndroidManifest.xml:25:5-27:34
MERGED from [com.android.support:support-compat:25.3.1] AndroidManifest.xml:25:5-27:34
	android:value
		ADDED from [com.android.support:cardview-v7:25.3.1] AndroidManifest.xml:24:9-31
	android:name
		ADDED from [com.android.support:cardview-v7:25.3.1] AndroidManifest.xml:23:9-47
activity#com.google.android.gms.common.api.GoogleApiActivity
ADDED from [com.google.android.gms:play-services-base:9.8.0] AndroidManifest.xml:19:9-172
	android:exported
		ADDED from [com.google.android.gms:play-services-base:9.8.0] AndroidManifest.xml:19:146-170
	android:theme
		ADDED from [com.google.android.gms:play-services-base:9.8.0] AndroidManifest.xml:19:86-145
	android:name
		ADDED from [com.google.android.gms:play-services-base:9.8.0] AndroidManifest.xml:19:19-85
provider#com.google.firebase.provider.FirebaseInitProvider
ADDED from [com.google.firebase:firebase-common:9.8.0] AndroidManifest.xml:6:9-175
	android:authorities
		ADDED from [com.google.firebase:firebase-common:9.8.0] AndroidManifest.xml:6:19-78
	android:exported
		ADDED from [com.google.firebase:firebase-common:9.8.0] AndroidManifest.xml:6:125-149
	android:initOrder
		ADDED from [com.google.firebase:firebase-common:9.8.0] AndroidManifest.xml:6:150-173
	android:name
		ADDED from [com.google.firebase:firebase-common:9.8.0] AndroidManifest.xml:6:79-124